[debug] [2022-06-21T14:28:40.625Z] ----------------------------------------------------------------------
[debug] [2022-06-21T14:28:40.629Z] Command:       C:\Program Files\nodejs\node.exe C:\Users\Ù…Ø­Ù…Ø¯\AppData\Roaming\npm\node_modules\firebase-tools\lib\bin\firebase.js init
[debug] [2022-06-21T14:28:40.629Z] CLI Version:   11.1.0
[debug] [2022-06-21T14:28:40.630Z] Platform:      win32
[debug] [2022-06-21T14:28:40.630Z] Node Version:  v16.15.0
[debug] [2022-06-21T14:28:40.631Z] Time:          Tue Jun 21 2022 17:28:40 GMT+0300 (ØªÙˆÙ‚ÙŠØª Ø´Ø±Ù‚ Ø£ÙˆØ±ÙˆØ¨Ø§ Ø§Ù„ØµÙŠÙÙŠ)
[debug] [2022-06-21T14:28:40.631Z] ----------------------------------------------------------------------
[debug] 
[debug] [2022-06-21T14:28:40.640Z] > command requires scopes: ["email","openid","https://www.googleapis.com/auth/cloudplatformprojects.readonly","https://www.googleapis.com/auth/firebase","https://www.googleapis.com/auth/cloud-platform"]
[debug] [2022-06-21T14:28:40.641Z] > authorizing via signed-in user (noza25588@gmail.com)
[info] 
     ######## #### ########  ######## ########     ###     ######  ########
     ##        ##  ##     ## ##       ##     ##  ##   ##  ##       ##
     ######    ##  ########  ######   ########  #########  ######  ######
     ##        ##  ##    ##  ##       ##     ## ##     ##       ## ##
     ##       #### ##     ## ######## ########  ##     ##  ######  ########

You're about to initialize a Firebase project in this directory:

  G:\andresjosehr-portfolio-master

[info] 
=== Project Setup
[info] 
[info] First, let's associate this project directory with a Firebase project.
[info] You can create multiple project aliases by running firebase use --add, 
[info] but for now we'll just set up a default project.
[info] 
[debug] [2022-06-21T14:28:50.600Z] >>> [apiv2][query] GET https://firebase.googleapis.com/v1beta1/projects pageSize=100
[debug] [2022-06-21T14:28:51.258Z] <<< [apiv2][status] GET https://firebase.googleapis.com/v1beta1/projects 200
[debug] [2022-06-21T14:28:51.259Z] <<< [apiv2][body] GET https://firebase.googleapis.com/v1beta1/projects [omitted]
[info] i  Using project muhammad-awad-portfolio (muhammad-awad-Portfolio) 
[info] 
=== Hosting Setup
[info] 
[info] Your public directory is the folder (relative to your project directory) that
[info] will contain Hosting assets to be uploaded with firebase deploy. If you
[info] have a build process for your assets, use your build's output directory.
[info] 
[debug] [2022-06-21T14:29:05.949Z] >>> [apiv2][query] GET https://www.gstatic.com/firebasejs/releases.json [none]
[debug] [2022-06-21T14:29:06.233Z] <<< [apiv2][status] GET https://www.gstatic.com/firebasejs/releases.json 200
[debug] [2022-06-21T14:29:06.233Z] <<< [apiv2][body] GET https://www.gstatic.com/firebasejs/releases.json {"current":{"version":"9.8.3","browserURL":"https://www.gstatic.com/firebasejs/9.8.3/firebase.js","packageURL":"https://www.gstatic.com/firebasejs/9.8.3/firebase.tgz"},"live":{"version":"9.8","browserURL":"https://www.gstatic.com/firebasejs/live/9.8/firebase.js","packageURL":"https://www.gstatic.com/firebasejs/live/9.8/firebase.tgz"},"components":{"analytics":"https://www.gstatic.com/firebasejs/9.8.3/firebase-analytics.js","app":"https://www.gstatic.com/firebasejs/9.8.3/firebase-app.js","app-check":"https://www.gstatic.com/firebasejs/9.8.3/firebase-app-check.js","auth":"https://www.gstatic.com/firebasejs/9.8.3/firebase-auth.js","auth/cordova":"https://www.gstatic.com/firebasejs/9.8.3/firebase-auth/cordova.js","auth/react-native":"https://www.gstatic.com/firebasejs/9.8.3/firebase-auth/react-native.js","functions":"https://www.gstatic.com/firebasejs/9.8.3/firebase-functions.js","firestore":"https://www.gstatic.com/firebasejs/9.8.3/firebase-firestore.js","firestore/lite":"https://www.gstatic.com/firebasejs/9.8.3/firebase-firestore/lite.js","storage":"https://www.gstatic.com/firebasejs/9.8.3/firebase-storage.js","performance":"https://www.gstatic.com/firebasejs/9.8.3/firebase-performance.js","remote-config":"https://www.gstatic.com/firebasejs/9.8.3/firebase-remote-config.js","messaging":"https://www.gstatic.com/firebasejs/9.8.3/firebase-messaging.js","messaging/sw":"https://www.gstatic.com/firebasejs/9.8.3/firebase-messaging/sw.js","database":"https://www.gstatic.com/firebasejs/9.8.3/firebase-database.js","firestore.memory":"https://www.gstatic.com/firebasejs/9.8.3/firebase-firestore.memory.js"}}
[info] +  Wrote public/index.html 
[info] 
[info] i  Didn't detect a .git folder. Assuming G:\andresjosehr-portfolio-master is the project root. 
[info] i  Authorizing with GitHub to upload your service account to a GitHub repository's secrets store. 
[info] 
[info] Visit this URL on this device to log in:
[info] https://github.com/login/oauth/authorize?client_id=89cf50f02ac6aaed3484&state=884891828&redirect_uri=http%3A%2F%2Flocalhost%3A9005&scope=read%3Auser%20repo%20public_repo
[info] 
[info] Waiting for authentication...
[debug] [2022-06-21T14:29:07.789Z] >>> [apiv2][query] POST https://github.com/login/oauth/access_token [none]
[debug] [2022-06-21T14:29:07.789Z] >>> [apiv2][body] POST https://github.com/login/oauth/access_token [stream]
[debug] [2022-06-21T14:29:08.336Z] <<< [apiv2][status] POST https://github.com/login/oauth/access_token 200
[debug] [2022-06-21T14:29:08.336Z] <<< [apiv2][body] POST https://github.com/login/oauth/access_token {"access_token":"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","token_type":"bearer","scope":"read:user,repo"}
[debug] [2022-06-21T14:29:08.348Z] >>> [apiv2][query] GET https://api.github.com/user [none]
[debug] [2022-06-21T14:29:08.941Z] <<< [apiv2][status] GET https://api.github.com/user 200
[debug] [2022-06-21T14:29:08.942Z] <<< [apiv2][body] GET https://api.github.com/user {"login":"MuhmmadAwd","id":41266552,"node_id":"MDQ6VXNlcjQxMjY2NTUy","avatar_url":"https://avatars.githubusercontent.com/u/41266552?v=4","gravatar_id":"","url":"https://api.github.com/users/MuhmmadAwd","html_url":"https://github.com/MuhmmadAwd","followers_url":"https://api.github.com/users/MuhmmadAwd/followers","following_url":"https://api.github.com/users/MuhmmadAwd/following{/other_user}","gists_url":"https://api.github.com/users/MuhmmadAwd/gists{/gist_id}","starred_url":"https://api.github.com/users/MuhmmadAwd/starred{/owner}{/repo}","subscriptions_url":"https://api.github.com/users/MuhmmadAwd/subscriptions","organizations_url":"https://api.github.com/users/MuhmmadAwd/orgs","repos_url":"https://api.github.com/users/MuhmmadAwd/repos","events_url":"https://api.github.com/users/MuhmmadAwd/events{/privacy}","received_events_url":"https://api.github.com/users/MuhmmadAwd/received_events","type":"User","site_admin":false,"name":"Muhmmad Awd","company":null,"blog":"MuhmmadAwd ","location":"Palestine, Gaza strip ","email":null,"hireable":null,"bio":"A Soul, Human, and web developer.\r\nI know javaScript, angular, and asp.net\r\nI love to learn because I have dreams. remember to smile it's free ðŸ˜\r\nready to help","twitter_username":"MuhmmadAwd","public_repos":46,"public_gists":0,"followers":2,"following":6,"created_at":"2018-07-15T14:54:03Z","updated_at":"2022-06-16T20:52:32Z","private_gists":1,"total_private_repos":4,"owned_private_repos":4,"disk_usage":56266,"collaborators":0,"two_factor_authentication":false,"plan":{"name":"free","space":976562499,"collaborators":0,"private_repos":10000}}
[info] 
[info] +  Success! Logged into GitHub as MuhmmadAwd 
[info] 
